Flow report for AC501_SoC_GHRD
Wed Jun 19 18:13:01 2019
Quartus Prime Version 18.1.0 Build 625 09/12/2018 SJ Lite Edition


---------------------
; Table of Contents ;
---------------------
  1. Legal Notice
  2. Flow Summary
  3. Flow Settings
  4. Flow Non-Default Global Settings
  5. Flow Elapsed Time
  6. Flow OS Summary
  7. Flow Log
  8. Flow Messages
  9. Flow Suppressed Messages



----------------
; Legal Notice ;
----------------
Copyright (C) 2018  Intel Corporation. All rights reserved.
Your use of Intel Corporation's design tools, logic functions 
and other software and tools, and its AMPP partner logic 
functions, and any output files from any of the foregoing 
(including device programming or simulation files), and any 
associated documentation or information are expressly subject 
to the terms and conditions of the Intel Program License 
Subscription Agreement, the Intel Quartus Prime License Agreement,
the Intel FPGA IP License Agreement, or other applicable license
agreement, including, without limitation, that your use is for
the sole purpose of programming logic devices manufactured by
Intel and sold by Intel or its authorized distributors.  Please
refer to the applicable agreement for further details.



+-------------------------------------------------------------------------------+
; Flow Summary                                                                  ;
+---------------------------------+---------------------------------------------+
; Flow Status                     ; Successful - Wed Jun 19 18:12:24 2019       ;
; Quartus Prime Version           ; 18.1.0 Build 625 09/12/2018 SJ Lite Edition ;
; Revision Name                   ; AC501_SoC_GHRD                              ;
; Top-level Entity Name           ; soc_system                                  ;
; Family                          ; Cyclone V                                   ;
; Device                          ; 5CSEMA5F31I7                                ;
; Timing Models                   ; Final                                       ;
; Logic utilization (in ALMs)     ; 889 / 32,070 ( 3 % )                        ;
; Total registers                 ; 1381                                        ;
; Total pins                      ; 126 / 457 ( 28 % )                          ;
; Total virtual pins              ; 0                                           ;
; Total block memory bits         ; 0 / 4,065,280 ( 0 % )                       ;
; Total DSP Blocks                ; 0 / 87 ( 0 % )                              ;
; Total HSSI RX PCSs              ; 0                                           ;
; Total HSSI PMA RX Deserializers ; 0                                           ;
; Total HSSI TX PCSs              ; 0                                           ;
; Total HSSI PMA TX Serializers   ; 0                                           ;
; Total PLLs                      ; 0 / 6 ( 0 % )                               ;
; Total DLLs                      ; 1 / 4 ( 25 % )                              ;
+---------------------------------+---------------------------------------------+


+-----------------------------------------+
; Flow Settings                           ;
+-------------------+---------------------+
; Option            ; Setting             ;
+-------------------+---------------------+
; Start date & time ; 06/19/2019 18:09:23 ;
; Main task         ; Compilation         ;
; Revision Name     ; AC501_SoC_GHRD      ;
+-------------------+---------------------+


+----------------------------------------------------------------------------------------------------------------------------+
; Flow Non-Default Global Settings                                                                                           ;
+---------------------------------------+----------------------------------------+----------------+-------------+------------+
; Assignment Name                       ; Value                                  ; Default Value  ; Entity Name ; Section Id ;
+---------------------------------------+----------------------------------------+----------------+-------------+------------+
; COMPILER_SIGNATURE_ID                 ; 233257725409983.156093896216640        ; --             ; --          ; --         ;
; ECO_REGENERATE_REPORT                 ; On                                     ; Off            ; --          ; --         ;
; ENABLE_SIGNALTAP                      ; Off                                    ; --             ; --          ; --         ;
; MAX_CORE_JUNCTION_TEMP                ; 100                                    ; --             ; --          ; --         ;
; MIN_CORE_JUNCTION_TEMP                ; -40                                    ; --             ; --          ; --         ;
; MISC_FILE                             ; vga_pll.cmp                            ; --             ; --          ; --         ;
; MISC_FILE                             ; vga_pll_sim/vga_pll.vo                 ; --             ; --          ; --         ;
; PARTITION_COLOR                       ; -- (Not supported for targeted family) ; --             ; soc_system  ; Top        ;
; PARTITION_FITTER_PRESERVATION_LEVEL   ; -- (Not supported for targeted family) ; --             ; soc_system  ; Top        ;
; PARTITION_NETLIST_TYPE                ; -- (Not supported for targeted family) ; --             ; soc_system  ; Top        ;
; POWER_BOARD_THERMAL_MODEL             ; None (CONSERVATIVE)                    ; --             ; --          ; --         ;
; POWER_PRESET_COOLING_SOLUTION         ; 23 MM HEAT SINK WITH 200 LFPM AIRFLOW  ; --             ; --          ; --         ;
; PROJECT_OUTPUT_DIRECTORY              ; output_files                           ; --             ; --          ; --         ;
; SPD_FILE                              ; vga_pll.spd                            ; --             ; --          ; --         ;
; SYNTHESIS_ONLY_QIP                    ; On                                     ; --             ; --          ; --         ;
; TOP_LEVEL_ENTITY                      ; soc_system                             ; AC501_SoC_GHRD ; --          ; --         ;
; USE_DLL_FREQUENCY_FOR_DQS_DELAY_CHAIN ; On                                     ; Off            ; --          ; --         ;
; USE_SIGNALTAP_FILE                    ; stp1.stp                               ; --             ; --          ; --         ;
+---------------------------------------+----------------------------------------+----------------+-------------+------------+


+--------------------------------------------------------------------------------------------------------------------------+
; Flow Elapsed Time                                                                                                        ;
+----------------------+--------------+-------------------------+---------------------+------------------------------------+
; Module Name          ; Elapsed Time ; Average Processors Used ; Peak Virtual Memory ; Total CPU Time (on all processors) ;
+----------------------+--------------+-------------------------+---------------------+------------------------------------+
; Analysis & Synthesis ; 00:01:32     ; 1.0                     ; 1284 MB             ; 00:03:13                           ;
; Fitter               ; 00:01:14     ; 1.1                     ; 3204 MB             ; 00:01:56                           ;
; Assembler            ; 00:00:10     ; 1.0                     ; 1021 MB             ; 00:00:10                           ;
; Timing Analyzer      ; 00:00:35     ; 1.2                     ; 1963 MB             ; 00:00:41                           ;
; Total                ; 00:03:31     ; --                      ; --                  ; 00:06:00                           ;
+----------------------+--------------+-------------------------+---------------------+------------------------------------+


+----------------------------------------------------------------------------------------+
; Flow OS Summary                                                                        ;
+----------------------+------------------+----------------+------------+----------------+
; Module Name          ; Machine Hostname ; OS Name        ; OS Version ; Processor type ;
+----------------------+------------------+----------------+------------+----------------+
; Analysis & Synthesis ; c-TM1701         ; Ubuntu 18.04.2 ; 18         ; x86_64         ;
; Fitter               ; c-TM1701         ; Ubuntu 18.04.2 ; 18         ; x86_64         ;
; Assembler            ; c-TM1701         ; Ubuntu 18.04.2 ; 18         ; x86_64         ;
; Timing Analyzer      ; c-TM1701         ; Ubuntu 18.04.2 ; 18         ; x86_64         ;
+----------------------+------------------+----------------+------------+----------------+


------------
; Flow Log ;
------------
quartus_map --read_settings_files=on --write_settings_files=off AC501_SoC_GHRD -c AC501_SoC_GHRD
quartus_fit --read_settings_files=off --write_settings_files=off AC501_SoC_GHRD -c AC501_SoC_GHRD
quartus_asm --read_settings_files=off --write_settings_files=off AC501_SoC_GHRD -c AC501_SoC_GHRD
quartus_sta AC501_SoC_GHRD -c AC501_SoC_GHRD



